<?xml version="1.0" encoding="UTF-8"?>
<!-- Generated by org.testng.reporters.JUnitReportReporter -->
<testsuite hostname="25NF-STR3" failures="0" tests="1" name="com.ictkerala.scripts.AdminApproval" time="15.144" errors="0" timestamp="2023-08-01T11:41:21 IST" skipped="0">
  <testcase classname="com.ictkerala.scripts.AdminApproval" name="verifyValidLogin" time="15.144"/>
</testsuite> <!-- com.ictkerala.scripts.AdminApproval -->
