<?xml version="1.0" encoding="UTF-8"?>
<!-- Generated by org.testng.reporters.JUnitReportReporter -->
<testsuite hostname="25NF-STR3" failures="0" tests="1" name="com.ictkerala.scripts.TrainerLogin" time="2.680" errors="0" timestamp="2023-07-31T15:08:09 IST" skipped="0">
  <testcase classname="com.ictkerala.scripts.TrainerLogin" name="validPassword" time="2.680"/>
</testsuite> <!-- com.ictkerala.scripts.TrainerLogin -->
