<?xml version="1.0" encoding="UTF-8"?>
<!-- Generated by org.testng.reporters.JUnitReportReporter -->
<testsuite hostname="25NF-STR3" failures="0" tests="1" name="com.ictkerala.scripts.TestClass" time="0.730" errors="0" timestamp="2023-07-24T19:43:40 IST" skipped="0">
  <testcase classname="com.ictkerala.scripts.TestClass" name="verifysignupscenario8" time="0.730"/>
</testsuite> <!-- com.ictkerala.scripts.TestClass -->
