<?xml version="1.0" encoding="UTF-8"?>
<!-- Generated by org.testng.reporters.JUnitReportReporter -->
<testsuite hostname="25NF-STR3" failures="0" tests="1" name="com.ictkerala.scripts.TestClass" time="0.709" errors="0" timestamp="2023-07-24T21:59:39 IST" skipped="0">
  <testcase classname="com.ictkerala.scripts.TestClass" name="verifysignupscenario3" time="0.709"/>
</testsuite> <!-- com.ictkerala.scripts.TestClass -->
