<?xml version="1.0" encoding="UTF-8"?>
<!-- Generated by org.testng.reporters.JUnitReportReporter -->
<testsuite hostname="25NF-STR3" failures="0" tests="1" name="com.ictkerala.scripts.CreateBlogTestClass" time="8.345" errors="0" timestamp="2023-07-31T14:40:36 IST" skipped="0">
  <testcase classname="com.ictkerala.scripts.CreateBlogTestClass" name="UserBlogValid" time="8.345"/>
</testsuite> <!-- com.ictkerala.scripts.CreateBlogTestClass -->
