<?xml version="1.0" encoding="UTF-8"?>
<!-- Generated by org.testng.reporters.JUnitReportReporter -->
<testsuite hostname="25NF-STR3" failures="0" tests="1" name="com.ictkerala.scripts.AdminSorting" time="2.618" errors="0" timestamp="2023-08-01T18:00:43 IST" skipped="0">
  <testcase classname="com.ictkerala.scripts.AdminSorting" name="adminsortingting" time="2.618"/>
</testsuite> <!-- com.ictkerala.scripts.AdminSorting -->
