<?xml version="1.0" encoding="UTF-8"?>
<!-- Generated by org.testng.reporters.JUnitReportReporter -->
<testsuite hostname="25NF-STR3" failures="0" tests="1" name="com.ictkerala.scripts.StudentLogin" time="0.710" errors="0" timestamp="2023-08-01T18:16:52 IST" skipped="0">
  <testcase classname="com.ictkerala.scripts.StudentLogin" name="verifyInValidLogin" time="0.710"/>
</testsuite> <!-- com.ictkerala.scripts.StudentLogin -->
