<?xml version="1.0" encoding="UTF-8"?>
<!-- Generated by org.testng.reporters.JUnitReportReporter -->
<testsuite hostname="25NF-STR3" failures="0" tests="1" name="com.ictkerala.scripts.CategoryEdit" time="7.043" errors="0" timestamp="2023-08-01T17:52:27 IST" skipped="0">
  <testcase classname="com.ictkerala.scripts.CategoryEdit" name="adminsEdit" time="7.043"/>
</testsuite> <!-- com.ictkerala.scripts.CategoryEdit -->
