<?xml version="1.0" encoding="UTF-8"?>
<!-- Generated by org.testng.reporters.JUnitReportReporter -->
<testsuite hostname="25NF-STR3" failures="0" tests="1" name="com.ictkerala.scripts.TrainerCreateBlog" time="5.043" errors="0" timestamp="2023-07-31T22:15:45 IST" skipped="0">
  <testcase classname="com.ictkerala.scripts.TrainerCreateBlog" name="categoryNotSelected" time="5.043"/>
</testsuite> <!-- com.ictkerala.scripts.TrainerCreateBlog -->
