<?xml version="1.0" encoding="UTF-8"?>
<!-- Generated by org.testng.reporters.JUnitReportReporter -->
<testsuite hostname="25NF-STR3" failures="0" tests="1" name="com.ictkerala.scripts.TestClass" time="0.753" errors="0" timestamp="2023-07-24T14:03:04 IST" skipped="0">
  <testcase classname="com.ictkerala.scripts.TestClass" name="verifysignupscenario1" time="0.753"/>
</testsuite> <!-- com.ictkerala.scripts.TestClass -->
